['http://www.yes24.com/Product/Goods/98135753']
[25/Nov/2022 16:07:34] INFO - 1
1 by 10
[25/Nov/2022 16:07:34] INFO - done
[25/Nov/2022 16:07:34] INFO - crawler setting
[25/Nov/2022 16:07:34] INFO - http://www.yes24.com/Product/Goods/98135753
[25/Nov/2022 16:07:34] INFO - ['http://www.yes24.com/Product/Goods/98135753']
[25/Nov/2022 16:07:34] INFO - -------Start info Scraping-------
######## url: http://www.yes24.com/Product/Goods/98135753
success get url
https://secimage.yes24.com/sysimage/contents/notice/firewall.html?ipsFilterNumber=manual
printed current url
도서 오류
2022.11.25 - 16:08:35
https://secimage.yes24.com/sysimage/contents/notice/firewall.html?ipsFilterNumber=manual
printed current url
blocked IP: 23.129.64.133
success get html
---Begin Info Scraping---
data: Empty DataFrame
Columns: [cover, title, subtitle, author, publisher, publisher_date, rating, review_num, best1, best2, salespoint, ISBN13, ISBN10, pages, size, category, awards, introduce, toc, into_the_book, review, series, url, type, adult]
Index: []
No crawled data

 FINISHED [16:08:35]
